# JRE version: OpenJDK Runtime Environment (8.0_152-b01) (build 1.8.0_152-release-915-b01)
# Java VM: OpenJDK 64-Bit Server VM (25.152-b01 mixed mode windows-amd64 compressed oops)
Heap:
 PSYoungGen      total 200704K, used 12885K [0x00000000eab00000, 0x00000000f8580000, 0x0000000100000000)
  eden space 181248K, 7% used [0x00000000eab00000,0x00000000eb795788,0x00000000f5c00000)
  from space 19456K, 0% used [0x00000000f5c00000,0x00000000f5c00000,0x00000000f6f00000)
  to   space 15360K, 0% used [0x00000000f6f00000,0x00000000f6f00000,0x00000000f7e00000)
 ParOldGen       total 154624K, used 41481K [0x00000000c0000000, 0x00000000c9700000, 0x00000000eab00000)
  object space 154624K, 26% used [0x00000000c0000000,0x00000000c28824f8,0x00000000c9700000)
 Metaspace       used 56723K, capacity 58928K, committed 59224K, reserved 1099776K
  class space    used 7698K, capacity 8229K, committed 8320K, reserved 1048576K
GC Heap History (10 events):
Event: 7.852 GC heap before
{Heap before GC invocations=10 (full 2):
 PSYoungGen      total 160768K, used 9773K [0x00000000eab00000, 0x00000000f8080000, 0x0000000100000000)
  eden space 148992K, 0% used [0x00000000eab00000,0x00000000eab00000,0x00000000f3c80000)
  from space 11776K, 82% used [0x00000000f4880000,0x00000000f520b488,0x00000000f5400000)
  to   space 12288K, 0% used [0x00000000f3c80000,0x00000000f3c80000,0x00000000f4880000)
 ParOldGen       total 61440K, used 9357K [0x00000000c0000000, 0x00000000c3c00000, 0x00000000eab00000)
  object space 61440K, 15% used [0x00000000c0000000,0x00000000c0923600,0x00000000c3c00000)
 Metaspace       used 34460K, capacity 35366K, committed 35416K, reserved 1079296K
  class space    used 4701K, capacity 4979K, committed 4992K, reserved 1048576K
Event: 7.959 GC heap after
Heap after GC invocations=10 (full 2):
 PSYoungGen      total 160768K, used 0K [0x00000000eab00000, 0x00000000f8080000, 0x0000000100000000)
  eden space 148992K, 0% used [0x00000000eab00000,0x00000000eab00000,0x00000000f3c80000)
  from space 11776K, 0% used [0x00000000f4880000,0x00000000f4880000,0x00000000f5400000)
  to   space 12288K, 0% used [0x00000000f3c80000,0x00000000f3c80000,0x00000000f4880000)
 ParOldGen       total 96768K, used 16468K [0x00000000c0000000, 0x00000000c5e80000, 0x00000000eab00000)
  object space 96768K, 17% used [0x00000000c0000000,0x00000000c1015180,0x00000000c5e80000)
 Metaspace       used 34460K, capacity 35366K, committed 35416K, reserved 1079296K
  class space    used 4701K, capacity 4979K, committed 4992K, reserved 1048576K
}
Event: 10.445 GC heap before
{Heap before GC invocations=11 (full 2):
 PSYoungGen      total 160768K, used 148992K [0x00000000eab00000, 0x00000000f8080000, 0x0000000100000000)
  eden space 148992K, 100% used [0x00000000eab00000,0x00000000f3c80000,0x00000000f3c80000)
  from space 11776K, 0% used [0x00000000f4880000,0x00000000f4880000,0x00000000f5400000)
  to   space 12288K, 0% used [0x00000000f3c80000,0x00000000f3c80000,0x00000000f4880000)
 ParOldGen       total 96768K, used 16468K [0x00000000c0000000, 0x00000000c5e80000, 0x00000000eab00000)
  object space 96768K, 17% used [0x00000000c0000000,0x00000000c1015180,0x00000000c5e80000)
 Metaspace       used 45080K, capacity 46232K, committed 46424K, reserved 1089536K
  class space    used 6112K, capacity 6473K, committed 6528K, reserved 1048576K
Event: 10.472 GC heap after
Heap after GC invocations=11 (full 2):
 PSYoungGen      total 161280K, used 12281K [0x00000000eab00000, 0x00000000f7e00000, 0x0000000100000000)
  eden space 148992K, 0% used [0x00000000eab00000,0x00000000eab00000,0x00000000f3c80000)
  from space 12288K, 99% used [0x00000000f3c80000,0x00000000f487e560,0x00000000f4880000)
  to   space 15360K, 0% used [0x00000000f6f00000,0x00000000f6f00000,0x00000000f7e00000)
 ParOldGen       total 96768K, used 21035K [0x00000000c0000000, 0x00000000c5e80000, 0x00000000eab00000)
  object space 96768K, 21% used [0x00000000c0000000,0x00000000c148ad50,0x00000000c5e80000)
 Metaspace       used 45080K, capacity 46232K, committed 46424K, reserved 1089536K
  class space    used 6112K, capacity 6473K, committed 6528K, reserved 1048576K
}
Event: 13.392 GC heap before
{Heap before GC invocations=12 (full 2):
 PSYoungGen      total 161280K, used 161273K [0x00000000eab00000, 0x00000000f7e00000, 0x0000000100000000)
  eden space 148992K, 100% used [0x00000000eab00000,0x00000000f3c80000,0x00000000f3c80000)
  from space 12288K, 99% used [0x00000000f3c80000,0x00000000f487e560,0x00000000f4880000)
  to   space 15360K, 0% used [0x00000000f6f00000,0x00000000f6f00000,0x00000000f7e00000)
 ParOldGen       total 96768K, used 21035K [0x00000000c0000000, 0x00000000c5e80000, 0x00000000eab00000)
  object space 96768K, 21% used [0x00000000c0000000,0x00000000c148ad50,0x00000000c5e80000)
 Metaspace       used 53140K, capacity 55084K, committed 55384K, reserved 1097728K
  class space    used 7227K, capacity 7743K, committed 7808K, reserved 1048576K
Event: 13.429 GC heap after
Heap after GC invocations=12 (full 2):
 PSYoungGen      total 196608K, used 15341K [0x00000000eab00000, 0x00000000f8580000, 0x0000000100000000)
  eden space 181248K, 0% used [0x00000000eab00000,0x00000000eab00000,0x00000000f5c00000)
  from space 15360K, 99% used [0x00000000f6f00000,0x00000000f7dfb4f0,0x00000000f7e00000)
  to   space 19456K, 0% used [0x00000000f5c00000,0x00000000f5c00000,0x00000000f6f00000)
 ParOldGen       total 96768K, used 27848K [0x00000000c0000000, 0x00000000c5e80000, 0x00000000eab00000)
  object space 96768K, 28% used [0x00000000c0000000,0x00000000c1b32130,0x00000000c5e80000)
 Metaspace       used 53140K, capacity 55084K, committed 55384K, reserved 1097728K
  class space    used 7227K, capacity 7743K, committed 7808K, reserved 1048576K
}
Event: 15.241 GC heap before
{Heap before GC invocations=13 (full 2):
 PSYoungGen      total 196608K, used 97792K [0x00000000eab00000, 0x00000000f8580000, 0x0000000100000000)
  eden space 181248K, 45% used [0x00000000eab00000,0x00000000efb84c90,0x00000000f5c00000)
  from space 15360K, 99% used [0x00000000f6f00000,0x00000000f7dfb4f0,0x00000000f7e00000)
  to   space 19456K, 0% used [0x00000000f5c00000,0x00000000f5c00000,0x00000000f6f00000)
 ParOldGen       total 96768K, used 27848K [0x00000000c0000000, 0x00000000c5e80000, 0x00000000eab00000)
  object space 96768K, 28% used [0x00000000c0000000,0x00000000c1b32130,0x00000000c5e80000)
 Metaspace       used 56668K, capacity 58784K, committed 58968K, reserved 1099776K
  class space    used 7694K, capacity 8225K, committed 8320K, reserved 1048576K
Event: 15.278 GC heap after
Heap after GC invocations=13 (full 2):
 PSYoungGen      total 200704K, used 19437K [0x00000000eab00000, 0x00000000f8580000, 0x0000000100000000)
  eden space 181248K, 0% used [0x00000000eab00000,0x00000000eab00000,0x00000000f5c00000)
  from space 19456K, 99% used [0x00000000f5c00000,0x00000000f6efb530,0x00000000f6f00000)
  to   space 15360K, 0% used [0x00000000f6f00000,0x00000000f6f00000,0x00000000f7e00000)
 ParOldGen       total 96768K, used 33973K [0x00000000c0000000, 0x00000000c5e80000, 0x00000000eab00000)
  object space 96768K, 35% used [0x00000000c0000000,0x00000000c212d618,0x00000000c5e80000)
 Metaspace       used 56668K, capacity 58784K, committed 58968K, reserved 1099776K
  class space    used 7694K, capacity 8225K, committed 8320K, reserved 1048576K
}
Event: 15.278 GC heap before
{Heap before GC invocations=14 (full 3):
 PSYoungGen      total 200704K, used 19437K [0x00000000eab00000, 0x00000000f8580000, 0x0000000100000000)
  eden space 181248K, 0% used [0x00000000eab00000,0x00000000eab00000,0x00000000f5c00000)
  from space 19456K, 99% used [0x00000000f5c00000,0x00000000f6efb530,0x00000000f6f00000)
  to   space 15360K, 0% used [0x00000000f6f00000,0x00000000f6f00000,0x00000000f7e00000)
 ParOldGen       total 96768K, used 33973K [0x00000000c0000000, 0x00000000c5e80000, 0x00000000eab00000)
  object space 96768K, 35% used [0x00000000c0000000,0x00000000c212d618,0x00000000c5e80000)
 Metaspace       used 56668K, capacity 58784K, committed 58968K, reserved 1099776K
  class space    used 7694K, capacity 8225K, committed 8320K, reserved 1048576K
Event: 15.562 GC heap after
Heap after GC invocations=14 (full 3):
 PSYoungGen      total 200704K, used 0K [0x00000000eab00000, 0x00000000f8580000, 0x0000000100000000)
  eden space 181248K, 0% used [0x00000000eab00000,0x00000000eab00000,0x00000000f5c00000)
  from space 19456K, 0% used [0x00000000f5c00000,0x00000000f5c00000,0x00000000f6f00000)
  to   space 15360K, 0% used [0x00000000f6f00000,0x00000000f6f00000,0x00000000f7e00000)
 ParOldGen       total 154624K, used 41481K [0x00000000c0000000, 0x00000000c9700000, 0x00000000eab00000)
  object space 154624K, 26% used [0x00000000c0000000,0x00000000c28824f8,0x00000000c9700000)
 Metaspace       used 56668K, capacity 58784K, committed 58968K, reserved 1099776K
  class space    used 7694K, capacity 8225K, committed 8320K, reserved 1048576K
}

